CRITICAL - 2023-10-13 03:59:10 --> Class "Config\BaseConfig" not found
in APPPATH\Config\Validation.php on line 13.
 1 SYSTEMPATH\Autoloader\Autoloader.php(306): include_once()
 2 SYSTEMPATH\Autoloader\Autoloader.php(285): CodeIgniter\Autoloader\Autoloader->includeFile('C:\\xampp\\htdocs\\appcomple\\app\\Config\\Validation.php')
 3 SYSTEMPATH\Autoloader\Autoloader.php(263): CodeIgniter\Autoloader\Autoloader->loadInNamespace('Config\\Validation')
 4 [internal function]: CodeIgniter\Autoloader\Autoloader->loadClass('Config\\Validation')
 5 SYSTEMPATH\Config\Factories.php(277): class_exists('Config\\Validation')
 6 SYSTEMPATH\Config\Factories.php(196): CodeIgniter\Config\Factories::locateClass([...], 'Config\\Validation')
 7 SYSTEMPATH\Config\Factories.php(155): CodeIgniter\Config\Factories::getDefinedInstance([...], 'Config\\Validation', [])
 8 SYSTEMPATH\Common.php(217): CodeIgniter\Config\Factories::__callStatic('config', [])
 9 SYSTEMPATH\Config\Services.php(815): config('Config\\Validation')
10 SYSTEMPATH\Config\BaseService.php(258): CodeIgniter\Config\Services::validation(null, false)
11 SYSTEMPATH\BaseModel.php(332): CodeIgniter\Config\BaseService::__callStatic('validation', [...])
12 SYSTEMPATH\Model.php(155): CodeIgniter\BaseModel->__construct(null)
13 APPPATH\Controllers\Solicitudes.php(9): CodeIgniter\Model->__construct()
14 SYSTEMPATH\CodeIgniter.php(891): App\Controllers\Solicitudes->__construct()
15 SYSTEMPATH\CodeIgniter.php(485): CodeIgniter\CodeIgniter->createController()
16 SYSTEMPATH\CodeIgniter.php(353): CodeIgniter\CodeIgniter->handleRequest(null, Object(Config\Cache), false)
17 FCPATH\index.php(79): CodeIgniter\CodeIgniter->run()
18 SYSTEMPATH\Commands\Server\rewrite.php(47): require_once('C:\\xampp\\htdocs\\appcomple\\public\\index.php')
CRITICAL - 2023-10-13 03:59:21 --> Class "Config\BaseConfig" not found
in APPPATH\Config\Validation.php on line 13.
 1 SYSTEMPATH\Autoloader\Autoloader.php(306): include_once()
 2 SYSTEMPATH\Autoloader\Autoloader.php(285): CodeIgniter\Autoloader\Autoloader->includeFile('C:\\xampp\\htdocs\\appcomple\\app\\Config\\Validation.php')
 3 SYSTEMPATH\Autoloader\Autoloader.php(263): CodeIgniter\Autoloader\Autoloader->loadInNamespace('Config\\Validation')
 4 [internal function]: CodeIgniter\Autoloader\Autoloader->loadClass('Config\\Validation')
 5 SYSTEMPATH\Config\Factories.php(277): class_exists('Config\\Validation')
 6 SYSTEMPATH\Config\Factories.php(196): CodeIgniter\Config\Factories::locateClass([...], 'Config\\Validation')
 7 SYSTEMPATH\Config\Factories.php(155): CodeIgniter\Config\Factories::getDefinedInstance([...], 'Config\\Validation', [])
 8 SYSTEMPATH\Common.php(217): CodeIgniter\Config\Factories::__callStatic('config', [])
 9 SYSTEMPATH\Config\Services.php(815): config('Config\\Validation')
10 SYSTEMPATH\Config\BaseService.php(258): CodeIgniter\Config\Services::validation(null, false)
11 SYSTEMPATH\BaseModel.php(332): CodeIgniter\Config\BaseService::__callStatic('validation', [...])
12 SYSTEMPATH\Model.php(155): CodeIgniter\BaseModel->__construct(null)
13 APPPATH\Controllers\Alumnos.php(10): CodeIgniter\Model->__construct()
14 SYSTEMPATH\CodeIgniter.php(891): App\Controllers\Alumnos->__construct()
15 SYSTEMPATH\CodeIgniter.php(485): CodeIgniter\CodeIgniter->createController()
16 SYSTEMPATH\CodeIgniter.php(353): CodeIgniter\CodeIgniter->handleRequest(null, Object(Config\Cache), false)
17 FCPATH\index.php(79): CodeIgniter\CodeIgniter->run()
18 SYSTEMPATH\Commands\Server\rewrite.php(47): require_once('C:\\xampp\\htdocs\\appcomple\\public\\index.php')
CRITICAL - 2023-10-13 03:59:22 --> Class "Config\BaseConfig" not found
in APPPATH\Config\Validation.php on line 13.
 1 SYSTEMPATH\Autoloader\Autoloader.php(306): include_once()
 2 SYSTEMPATH\Autoloader\Autoloader.php(285): CodeIgniter\Autoloader\Autoloader->includeFile('C:\\xampp\\htdocs\\appcomple\\app\\Config\\Validation.php')
 3 SYSTEMPATH\Autoloader\Autoloader.php(263): CodeIgniter\Autoloader\Autoloader->loadInNamespace('Config\\Validation')
 4 [internal function]: CodeIgniter\Autoloader\Autoloader->loadClass('Config\\Validation')
 5 SYSTEMPATH\Config\Factories.php(277): class_exists('Config\\Validation')
 6 SYSTEMPATH\Config\Factories.php(196): CodeIgniter\Config\Factories::locateClass([...], 'Config\\Validation')
 7 SYSTEMPATH\Config\Factories.php(155): CodeIgniter\Config\Factories::getDefinedInstance([...], 'Config\\Validation', [])
 8 SYSTEMPATH\Common.php(217): CodeIgniter\Config\Factories::__callStatic('config', [])
 9 SYSTEMPATH\Config\Services.php(815): config('Config\\Validation')
10 SYSTEMPATH\Config\BaseService.php(258): CodeIgniter\Config\Services::validation(null, false)
11 SYSTEMPATH\BaseModel.php(332): CodeIgniter\Config\BaseService::__callStatic('validation', [...])
12 SYSTEMPATH\Model.php(155): CodeIgniter\BaseModel->__construct(null)
13 APPPATH\Controllers\Alumnos.php(10): CodeIgniter\Model->__construct()
14 SYSTEMPATH\CodeIgniter.php(891): App\Controllers\Alumnos->__construct()
15 SYSTEMPATH\CodeIgniter.php(485): CodeIgniter\CodeIgniter->createController()
16 SYSTEMPATH\CodeIgniter.php(353): CodeIgniter\CodeIgniter->handleRequest(null, Object(Config\Cache), false)
17 FCPATH\index.php(79): CodeIgniter\CodeIgniter->run()
18 SYSTEMPATH\Commands\Server\rewrite.php(47): require_once('C:\\xampp\\htdocs\\appcomple\\public\\index.php')
CRITICAL - 2023-10-13 03:59:46 --> Class "Config\BaseConfig" not found
in APPPATH\Config\Validation.php on line 13.
 1 SYSTEMPATH\Autoloader\Autoloader.php(306): include_once()
 2 SYSTEMPATH\Autoloader\Autoloader.php(285): CodeIgniter\Autoloader\Autoloader->includeFile('C:\\xampp\\htdocs\\appcomple\\app\\Config\\Validation.php')
 3 SYSTEMPATH\Autoloader\Autoloader.php(263): CodeIgniter\Autoloader\Autoloader->loadInNamespace('Config\\Validation')
 4 [internal function]: CodeIgniter\Autoloader\Autoloader->loadClass('Config\\Validation')
 5 SYSTEMPATH\Config\Factories.php(277): class_exists('Config\\Validation')
 6 SYSTEMPATH\Config\Factories.php(196): CodeIgniter\Config\Factories::locateClass([...], 'Config\\Validation')
 7 SYSTEMPATH\Config\Factories.php(155): CodeIgniter\Config\Factories::getDefinedInstance([...], 'Config\\Validation', [])
 8 SYSTEMPATH\Common.php(217): CodeIgniter\Config\Factories::__callStatic('config', [])
 9 SYSTEMPATH\Config\Services.php(815): config('Config\\Validation')
10 SYSTEMPATH\Config\BaseService.php(258): CodeIgniter\Config\Services::validation(null, false)
11 SYSTEMPATH\BaseModel.php(332): CodeIgniter\Config\BaseService::__callStatic('validation', [...])
12 SYSTEMPATH\Model.php(155): CodeIgniter\BaseModel->__construct(null)
13 APPPATH\Controllers\Alumnos.php(10): CodeIgniter\Model->__construct()
14 SYSTEMPATH\CodeIgniter.php(891): App\Controllers\Alumnos->__construct()
15 SYSTEMPATH\CodeIgniter.php(485): CodeIgniter\CodeIgniter->createController()
16 SYSTEMPATH\CodeIgniter.php(353): CodeIgniter\CodeIgniter->handleRequest(null, Object(Config\Cache), false)
17 FCPATH\index.php(79): CodeIgniter\CodeIgniter->run()
18 SYSTEMPATH\Commands\Server\rewrite.php(47): require_once('C:\\xampp\\htdocs\\appcomple\\public\\index.php')
CRITICAL - 2023-10-13 03:59:48 --> Class "Config\BaseConfig" not found
in APPPATH\Config\Validation.php on line 13.
 1 SYSTEMPATH\Autoloader\Autoloader.php(306): include_once()
 2 SYSTEMPATH\Autoloader\Autoloader.php(285): CodeIgniter\Autoloader\Autoloader->includeFile('C:\\xampp\\htdocs\\appcomple\\app\\Config\\Validation.php')
 3 SYSTEMPATH\Autoloader\Autoloader.php(263): CodeIgniter\Autoloader\Autoloader->loadInNamespace('Config\\Validation')
 4 [internal function]: CodeIgniter\Autoloader\Autoloader->loadClass('Config\\Validation')
 5 SYSTEMPATH\Config\Factories.php(277): class_exists('Config\\Validation')
 6 SYSTEMPATH\Config\Factories.php(196): CodeIgniter\Config\Factories::locateClass([...], 'Config\\Validation')
 7 SYSTEMPATH\Config\Factories.php(155): CodeIgniter\Config\Factories::getDefinedInstance([...], 'Config\\Validation', [])
 8 SYSTEMPATH\Common.php(217): CodeIgniter\Config\Factories::__callStatic('config', [])
 9 SYSTEMPATH\Config\Services.php(815): config('Config\\Validation')
10 SYSTEMPATH\Config\BaseService.php(258): CodeIgniter\Config\Services::validation(null, false)
11 SYSTEMPATH\BaseModel.php(332): CodeIgniter\Config\BaseService::__callStatic('validation', [...])
12 SYSTEMPATH\Model.php(155): CodeIgniter\BaseModel->__construct(null)
13 APPPATH\Controllers\Alumnos.php(10): CodeIgniter\Model->__construct()
14 SYSTEMPATH\CodeIgniter.php(891): App\Controllers\Alumnos->__construct()
15 SYSTEMPATH\CodeIgniter.php(485): CodeIgniter\CodeIgniter->createController()
16 SYSTEMPATH\CodeIgniter.php(353): CodeIgniter\CodeIgniter->handleRequest(null, Object(Config\Cache), false)
17 FCPATH\index.php(79): CodeIgniter\CodeIgniter->run()
18 SYSTEMPATH\Commands\Server\rewrite.php(47): require_once('C:\\xampp\\htdocs\\appcomple\\public\\index.php')
CRITICAL - 2023-10-13 03:59:49 --> Class "Config\BaseConfig" not found
in APPPATH\Config\Validation.php on line 13.
 1 SYSTEMPATH\Autoloader\Autoloader.php(306): include_once()
 2 SYSTEMPATH\Autoloader\Autoloader.php(285): CodeIgniter\Autoloader\Autoloader->includeFile('C:\\xampp\\htdocs\\appcomple\\app\\Config\\Validation.php')
 3 SYSTEMPATH\Autoloader\Autoloader.php(263): CodeIgniter\Autoloader\Autoloader->loadInNamespace('Config\\Validation')
 4 [internal function]: CodeIgniter\Autoloader\Autoloader->loadClass('Config\\Validation')
 5 SYSTEMPATH\Config\Factories.php(277): class_exists('Config\\Validation')
 6 SYSTEMPATH\Config\Factories.php(196): CodeIgniter\Config\Factories::locateClass([...], 'Config\\Validation')
 7 SYSTEMPATH\Config\Factories.php(155): CodeIgniter\Config\Factories::getDefinedInstance([...], 'Config\\Validation', [])
 8 SYSTEMPATH\Common.php(217): CodeIgniter\Config\Factories::__callStatic('config', [])
 9 SYSTEMPATH\Config\Services.php(815): config('Config\\Validation')
10 SYSTEMPATH\Config\BaseService.php(258): CodeIgniter\Config\Services::validation(null, false)
11 SYSTEMPATH\BaseModel.php(332): CodeIgniter\Config\BaseService::__callStatic('validation', [...])
12 SYSTEMPATH\Model.php(155): CodeIgniter\BaseModel->__construct(null)
13 APPPATH\Controllers\Alumnos.php(10): CodeIgniter\Model->__construct()
14 SYSTEMPATH\CodeIgniter.php(891): App\Controllers\Alumnos->__construct()
15 SYSTEMPATH\CodeIgniter.php(485): CodeIgniter\CodeIgniter->createController()
16 SYSTEMPATH\CodeIgniter.php(353): CodeIgniter\CodeIgniter->handleRequest(null, Object(Config\Cache), false)
17 FCPATH\index.php(79): CodeIgniter\CodeIgniter->run()
18 SYSTEMPATH\Commands\Server\rewrite.php(47): require_once('C:\\xampp\\htdocs\\appcomple\\public\\index.php')
CRITICAL - 2023-10-13 03:59:50 --> Class "Config\BaseConfig" not found
in APPPATH\Config\Validation.php on line 13.
 1 SYSTEMPATH\Autoloader\Autoloader.php(306): include_once()
 2 SYSTEMPATH\Autoloader\Autoloader.php(285): CodeIgniter\Autoloader\Autoloader->includeFile('C:\\xampp\\htdocs\\appcomple\\app\\Config\\Validation.php')
 3 SYSTEMPATH\Autoloader\Autoloader.php(263): CodeIgniter\Autoloader\Autoloader->loadInNamespace('Config\\Validation')
 4 [internal function]: CodeIgniter\Autoloader\Autoloader->loadClass('Config\\Validation')
 5 SYSTEMPATH\Config\Factories.php(277): class_exists('Config\\Validation')
 6 SYSTEMPATH\Config\Factories.php(196): CodeIgniter\Config\Factories::locateClass([...], 'Config\\Validation')
 7 SYSTEMPATH\Config\Factories.php(155): CodeIgniter\Config\Factories::getDefinedInstance([...], 'Config\\Validation', [])
 8 SYSTEMPATH\Common.php(217): CodeIgniter\Config\Factories::__callStatic('config', [])
 9 SYSTEMPATH\Config\Services.php(815): config('Config\\Validation')
10 SYSTEMPATH\Config\BaseService.php(258): CodeIgniter\Config\Services::validation(null, false)
11 SYSTEMPATH\BaseModel.php(332): CodeIgniter\Config\BaseService::__callStatic('validation', [...])
12 SYSTEMPATH\Model.php(155): CodeIgniter\BaseModel->__construct(null)
13 APPPATH\Controllers\Alumnos.php(10): CodeIgniter\Model->__construct()
14 SYSTEMPATH\CodeIgniter.php(891): App\Controllers\Alumnos->__construct()
15 SYSTEMPATH\CodeIgniter.php(485): CodeIgniter\CodeIgniter->createController()
16 SYSTEMPATH\CodeIgniter.php(353): CodeIgniter\CodeIgniter->handleRequest(null, Object(Config\Cache), false)
17 FCPATH\index.php(79): CodeIgniter\CodeIgniter->run()
18 SYSTEMPATH\Commands\Server\rewrite.php(47): require_once('C:\\xampp\\htdocs\\appcomple\\public\\index.php')
CRITICAL - 2023-10-13 04:00:14 --> Class "Config\BaseConfig" not found
in APPPATH\Config\Validation.php on line 13.
 1 SYSTEMPATH\Autoloader\Autoloader.php(306): include_once()
 2 SYSTEMPATH\Autoloader\Autoloader.php(285): CodeIgniter\Autoloader\Autoloader->includeFile('C:\\xampp\\htdocs\\appcomple\\app\\Config\\Validation.php')
 3 SYSTEMPATH\Autoloader\Autoloader.php(263): CodeIgniter\Autoloader\Autoloader->loadInNamespace('Config\\Validation')
 4 [internal function]: CodeIgniter\Autoloader\Autoloader->loadClass('Config\\Validation')
 5 SYSTEMPATH\Config\Factories.php(277): class_exists('Config\\Validation')
 6 SYSTEMPATH\Config\Factories.php(196): CodeIgniter\Config\Factories::locateClass([...], 'Config\\Validation')
 7 SYSTEMPATH\Config\Factories.php(155): CodeIgniter\Config\Factories::getDefinedInstance([...], 'Config\\Validation', [])
 8 SYSTEMPATH\Common.php(217): CodeIgniter\Config\Factories::__callStatic('config', [])
 9 SYSTEMPATH\Config\Services.php(815): config('Config\\Validation')
10 SYSTEMPATH\Config\BaseService.php(258): CodeIgniter\Config\Services::validation(null, false)
11 SYSTEMPATH\BaseModel.php(332): CodeIgniter\Config\BaseService::__callStatic('validation', [...])
12 SYSTEMPATH\Model.php(155): CodeIgniter\BaseModel->__construct(null)
13 APPPATH\Controllers\Alumnos.php(10): CodeIgniter\Model->__construct()
14 SYSTEMPATH\CodeIgniter.php(891): App\Controllers\Alumnos->__construct()
15 SYSTEMPATH\CodeIgniter.php(485): CodeIgniter\CodeIgniter->createController()
16 SYSTEMPATH\CodeIgniter.php(353): CodeIgniter\CodeIgniter->handleRequest(null, Object(Config\Cache), false)
17 FCPATH\index.php(79): CodeIgniter\CodeIgniter->run()
18 SYSTEMPATH\Commands\Server\rewrite.php(47): require_once('C:\\xampp\\htdocs\\appcomple\\public\\index.php')
CRITICAL - 2023-10-13 04:03:07 --> Class "Config\BaseConfig" not found
in APPPATH\Config\Validation.php on line 13.
 1 SYSTEMPATH\Autoloader\Autoloader.php(306): include_once()
 2 SYSTEMPATH\Autoloader\Autoloader.php(285): CodeIgniter\Autoloader\Autoloader->includeFile('C:\\xampp\\htdocs\\appcomple\\app\\Config\\Validation.php')
 3 SYSTEMPATH\Autoloader\Autoloader.php(263): CodeIgniter\Autoloader\Autoloader->loadInNamespace('Config\\Validation')
 4 [internal function]: CodeIgniter\Autoloader\Autoloader->loadClass('Config\\Validation')
 5 SYSTEMPATH\Config\Factories.php(277): class_exists('Config\\Validation')
 6 SYSTEMPATH\Config\Factories.php(196): CodeIgniter\Config\Factories::locateClass([...], 'Config\\Validation')
 7 SYSTEMPATH\Config\Factories.php(155): CodeIgniter\Config\Factories::getDefinedInstance([...], 'Config\\Validation', [])
 8 SYSTEMPATH\Common.php(217): CodeIgniter\Config\Factories::__callStatic('config', [])
 9 SYSTEMPATH\Config\Services.php(815): config('Config\\Validation')
10 SYSTEMPATH\Config\BaseService.php(258): CodeIgniter\Config\Services::validation(null, false)
11 SYSTEMPATH\BaseModel.php(332): CodeIgniter\Config\BaseService::__callStatic('validation', [...])
12 SYSTEMPATH\Model.php(155): CodeIgniter\BaseModel->__construct(null)
13 APPPATH\Controllers\Alumnos.php(10): CodeIgniter\Model->__construct()
14 SYSTEMPATH\CodeIgniter.php(891): App\Controllers\Alumnos->__construct()
15 SYSTEMPATH\CodeIgniter.php(485): CodeIgniter\CodeIgniter->createController()
16 SYSTEMPATH\CodeIgniter.php(353): CodeIgniter\CodeIgniter->handleRequest(null, Object(Config\Cache), false)
17 FCPATH\index.php(79): CodeIgniter\CodeIgniter->run()
18 SYSTEMPATH\Commands\Server\rewrite.php(47): require_once('C:\\xampp\\htdocs\\appcomple\\public\\index.php')
CRITICAL - 2023-10-13 04:03:10 --> Class "Config\BaseConfig" not found
in APPPATH\Config\Validation.php on line 13.
 1 SYSTEMPATH\Autoloader\Autoloader.php(306): include_once()
 2 SYSTEMPATH\Autoloader\Autoloader.php(285): CodeIgniter\Autoloader\Autoloader->includeFile('C:\\xampp\\htdocs\\appcomple\\app\\Config\\Validation.php')
 3 SYSTEMPATH\Autoloader\Autoloader.php(263): CodeIgniter\Autoloader\Autoloader->loadInNamespace('Config\\Validation')
 4 [internal function]: CodeIgniter\Autoloader\Autoloader->loadClass('Config\\Validation')
 5 SYSTEMPATH\Config\Factories.php(277): class_exists('Config\\Validation')
 6 SYSTEMPATH\Config\Factories.php(196): CodeIgniter\Config\Factories::locateClass([...], 'Config\\Validation')
 7 SYSTEMPATH\Config\Factories.php(155): CodeIgniter\Config\Factories::getDefinedInstance([...], 'Config\\Validation', [])
 8 SYSTEMPATH\Common.php(217): CodeIgniter\Config\Factories::__callStatic('config', [])
 9 SYSTEMPATH\Config\Services.php(815): config('Config\\Validation')
10 SYSTEMPATH\Config\BaseService.php(258): CodeIgniter\Config\Services::validation(null, false)
11 SYSTEMPATH\BaseModel.php(332): CodeIgniter\Config\BaseService::__callStatic('validation', [...])
12 SYSTEMPATH\Model.php(155): CodeIgniter\BaseModel->__construct(null)
13 APPPATH\Controllers\Alumnos.php(10): CodeIgniter\Model->__construct()
14 SYSTEMPATH\CodeIgniter.php(891): App\Controllers\Alumnos->__construct()
15 SYSTEMPATH\CodeIgniter.php(485): CodeIgniter\CodeIgniter->createController()
16 SYSTEMPATH\CodeIgniter.php(353): CodeIgniter\CodeIgniter->handleRequest(null, Object(Config\Cache), false)
17 FCPATH\index.php(79): CodeIgniter\CodeIgniter->run()
18 SYSTEMPATH\Commands\Server\rewrite.php(47): require_once('C:\\xampp\\htdocs\\appcomple\\public\\index.php')
CRITICAL - 2023-10-13 04:03:13 --> Class "Config\BaseConfig" not found
in APPPATH\Config\Validation.php on line 13.
 1 SYSTEMPATH\Autoloader\Autoloader.php(306): include_once()
 2 SYSTEMPATH\Autoloader\Autoloader.php(285): CodeIgniter\Autoloader\Autoloader->includeFile('C:\\xampp\\htdocs\\appcomple\\app\\Config\\Validation.php')
 3 SYSTEMPATH\Autoloader\Autoloader.php(263): CodeIgniter\Autoloader\Autoloader->loadInNamespace('Config\\Validation')
 4 [internal function]: CodeIgniter\Autoloader\Autoloader->loadClass('Config\\Validation')
 5 SYSTEMPATH\Config\Factories.php(277): class_exists('Config\\Validation')
 6 SYSTEMPATH\Config\Factories.php(196): CodeIgniter\Config\Factories::locateClass([...], 'Config\\Validation')
 7 SYSTEMPATH\Config\Factories.php(155): CodeIgniter\Config\Factories::getDefinedInstance([...], 'Config\\Validation', [])
 8 SYSTEMPATH\Common.php(217): CodeIgniter\Config\Factories::__callStatic('config', [])
 9 SYSTEMPATH\Config\Services.php(815): config('Config\\Validation')
10 SYSTEMPATH\Config\BaseService.php(258): CodeIgniter\Config\Services::validation(null, false)
11 SYSTEMPATH\BaseModel.php(332): CodeIgniter\Config\BaseService::__callStatic('validation', [...])
12 SYSTEMPATH\Model.php(155): CodeIgniter\BaseModel->__construct(null)
13 APPPATH\Controllers\Alumnos.php(10): CodeIgniter\Model->__construct()
14 SYSTEMPATH\CodeIgniter.php(891): App\Controllers\Alumnos->__construct()
15 SYSTEMPATH\CodeIgniter.php(485): CodeIgniter\CodeIgniter->createController()
16 SYSTEMPATH\CodeIgniter.php(353): CodeIgniter\CodeIgniter->handleRequest(null, Object(Config\Cache), false)
17 FCPATH\index.php(79): CodeIgniter\CodeIgniter->run()
18 SYSTEMPATH\Commands\Server\rewrite.php(47): require_once('C:\\xampp\\htdocs\\appcomple\\public\\index.php')
CRITICAL - 2023-10-13 04:57:49 --> Class "Config\BaseConfig" not found
in APPPATH\Config\Validation.php on line 13.
 1 SYSTEMPATH\Autoloader\Autoloader.php(306): include_once()
 2 SYSTEMPATH\Autoloader\Autoloader.php(285): CodeIgniter\Autoloader\Autoloader->includeFile('C:\\xampp\\htdocs\\appcomple\\app\\Config\\Validation.php')
 3 SYSTEMPATH\Autoloader\Autoloader.php(263): CodeIgniter\Autoloader\Autoloader->loadInNamespace('Config\\Validation')
 4 [internal function]: CodeIgniter\Autoloader\Autoloader->loadClass('Config\\Validation')
 5 SYSTEMPATH\Config\Factories.php(277): class_exists('Config\\Validation')
 6 SYSTEMPATH\Config\Factories.php(196): CodeIgniter\Config\Factories::locateClass([...], 'Config\\Validation')
 7 SYSTEMPATH\Config\Factories.php(155): CodeIgniter\Config\Factories::getDefinedInstance([...], 'Config\\Validation', [])
 8 SYSTEMPATH\Common.php(217): CodeIgniter\Config\Factories::__callStatic('config', [])
 9 SYSTEMPATH\Config\Services.php(815): config('Config\\Validation')
10 SYSTEMPATH\Config\BaseService.php(258): CodeIgniter\Config\Services::validation(null, false)
11 SYSTEMPATH\BaseModel.php(332): CodeIgniter\Config\BaseService::__callStatic('validation', [...])
12 SYSTEMPATH\Model.php(155): CodeIgniter\BaseModel->__construct(null)
13 APPPATH\Controllers\Alumnos.php(10): CodeIgniter\Model->__construct()
14 SYSTEMPATH\CodeIgniter.php(891): App\Controllers\Alumnos->__construct()
15 SYSTEMPATH\CodeIgniter.php(485): CodeIgniter\CodeIgniter->createController()
16 SYSTEMPATH\CodeIgniter.php(353): CodeIgniter\CodeIgniter->handleRequest(null, Object(Config\Cache), false)
17 FCPATH\index.php(79): CodeIgniter\CodeIgniter->run()
18 SYSTEMPATH\Commands\Server\rewrite.php(47): require_once('C:\\xampp\\htdocs\\appcomple\\public\\index.php')
CRITICAL - 2023-10-13 04:57:50 --> Class "Config\BaseConfig" not found
in APPPATH\Config\Validation.php on line 13.
 1 SYSTEMPATH\Autoloader\Autoloader.php(306): include_once()
 2 SYSTEMPATH\Autoloader\Autoloader.php(285): CodeIgniter\Autoloader\Autoloader->includeFile('C:\\xampp\\htdocs\\appcomple\\app\\Config\\Validation.php')
 3 SYSTEMPATH\Autoloader\Autoloader.php(263): CodeIgniter\Autoloader\Autoloader->loadInNamespace('Config\\Validation')
 4 [internal function]: CodeIgniter\Autoloader\Autoloader->loadClass('Config\\Validation')
 5 SYSTEMPATH\Config\Factories.php(277): class_exists('Config\\Validation')
 6 SYSTEMPATH\Config\Factories.php(196): CodeIgniter\Config\Factories::locateClass([...], 'Config\\Validation')
 7 SYSTEMPATH\Config\Factories.php(155): CodeIgniter\Config\Factories::getDefinedInstance([...], 'Config\\Validation', [])
 8 SYSTEMPATH\Common.php(217): CodeIgniter\Config\Factories::__callStatic('config', [])
 9 SYSTEMPATH\Config\Services.php(815): config('Config\\Validation')
10 SYSTEMPATH\Config\BaseService.php(258): CodeIgniter\Config\Services::validation(null, false)
11 SYSTEMPATH\BaseModel.php(332): CodeIgniter\Config\BaseService::__callStatic('validation', [...])
12 SYSTEMPATH\Model.php(155): CodeIgniter\BaseModel->__construct(null)
13 APPPATH\Controllers\Alumnos.php(10): CodeIgniter\Model->__construct()
14 SYSTEMPATH\CodeIgniter.php(891): App\Controllers\Alumnos->__construct()
15 SYSTEMPATH\CodeIgniter.php(485): CodeIgniter\CodeIgniter->createController()
16 SYSTEMPATH\CodeIgniter.php(353): CodeIgniter\CodeIgniter->handleRequest(null, Object(Config\Cache), false)
17 FCPATH\index.php(79): CodeIgniter\CodeIgniter->run()
18 SYSTEMPATH\Commands\Server\rewrite.php(47): require_once('C:\\xampp\\htdocs\\appcomple\\public\\index.php')
CRITICAL - 2023-10-13 05:05:06 --> Class "Config\BaseConfig" not found
in APPPATH\Config\Validation.php on line 13.
 1 SYSTEMPATH\Autoloader\Autoloader.php(306): include_once()
 2 SYSTEMPATH\Autoloader\Autoloader.php(285): CodeIgniter\Autoloader\Autoloader->includeFile('C:\\xampp\\htdocs\\appcomple\\app\\Config\\Validation.php')
 3 SYSTEMPATH\Autoloader\Autoloader.php(263): CodeIgniter\Autoloader\Autoloader->loadInNamespace('Config\\Validation')
 4 [internal function]: CodeIgniter\Autoloader\Autoloader->loadClass('Config\\Validation')
 5 SYSTEMPATH\Config\Factories.php(277): class_exists('Config\\Validation')
 6 SYSTEMPATH\Config\Factories.php(196): CodeIgniter\Config\Factories::locateClass([...], 'Config\\Validation')
 7 SYSTEMPATH\Config\Factories.php(155): CodeIgniter\Config\Factories::getDefinedInstance([...], 'Config\\Validation', [])
 8 SYSTEMPATH\Common.php(217): CodeIgniter\Config\Factories::__callStatic('config', [])
 9 SYSTEMPATH\Config\Services.php(815): config('Config\\Validation')
10 SYSTEMPATH\Config\BaseService.php(258): CodeIgniter\Config\Services::validation(null, false)
11 SYSTEMPATH\BaseModel.php(332): CodeIgniter\Config\BaseService::__callStatic('validation', [...])
12 SYSTEMPATH\Model.php(155): CodeIgniter\BaseModel->__construct(null)
13 APPPATH\Controllers\Alumnos.php(10): CodeIgniter\Model->__construct()
14 SYSTEMPATH\CodeIgniter.php(891): App\Controllers\Alumnos->__construct()
15 SYSTEMPATH\CodeIgniter.php(485): CodeIgniter\CodeIgniter->createController()
16 SYSTEMPATH\CodeIgniter.php(353): CodeIgniter\CodeIgniter->handleRequest(null, Object(Config\Cache), false)
17 FCPATH\index.php(79): CodeIgniter\CodeIgniter->run()
18 SYSTEMPATH\Commands\Server\rewrite.php(47): require_once('C:\\xampp\\htdocs\\appcomple\\public\\index.php')
CRITICAL - 2023-10-13 05:05:13 --> Class "Config\BaseConfig" not found
in APPPATH\Config\Validation.php on line 13.
 1 SYSTEMPATH\Autoloader\Autoloader.php(306): include_once()
 2 SYSTEMPATH\Autoloader\Autoloader.php(285): CodeIgniter\Autoloader\Autoloader->includeFile('C:\\xampp\\htdocs\\appcomple\\app\\Config\\Validation.php')
 3 SYSTEMPATH\Autoloader\Autoloader.php(263): CodeIgniter\Autoloader\Autoloader->loadInNamespace('Config\\Validation')
 4 [internal function]: CodeIgniter\Autoloader\Autoloader->loadClass('Config\\Validation')
 5 SYSTEMPATH\Config\Factories.php(277): class_exists('Config\\Validation')
 6 SYSTEMPATH\Config\Factories.php(196): CodeIgniter\Config\Factories::locateClass([...], 'Config\\Validation')
 7 SYSTEMPATH\Config\Factories.php(155): CodeIgniter\Config\Factories::getDefinedInstance([...], 'Config\\Validation', [])
 8 SYSTEMPATH\Common.php(217): CodeIgniter\Config\Factories::__callStatic('config', [])
 9 SYSTEMPATH\Config\Services.php(815): config('Config\\Validation')
10 SYSTEMPATH\Config\BaseService.php(258): CodeIgniter\Config\Services::validation(null, false)
11 SYSTEMPATH\BaseModel.php(332): CodeIgniter\Config\BaseService::__callStatic('validation', [...])
12 SYSTEMPATH\Model.php(155): CodeIgniter\BaseModel->__construct(null)
13 APPPATH\Controllers\ActComplementarias.php(9): CodeIgniter\Model->__construct()
14 SYSTEMPATH\CodeIgniter.php(891): App\Controllers\ActComplementarias->__construct()
15 SYSTEMPATH\CodeIgniter.php(485): CodeIgniter\CodeIgniter->createController()
16 SYSTEMPATH\CodeIgniter.php(353): CodeIgniter\CodeIgniter->handleRequest(null, Object(Config\Cache), false)
17 FCPATH\index.php(79): CodeIgniter\CodeIgniter->run()
18 SYSTEMPATH\Commands\Server\rewrite.php(47): require_once('C:\\xampp\\htdocs\\appcomple\\public\\index.php')
CRITICAL - 2023-10-13 05:07:39 --> Class "Config\BaseConfig" not found
in APPPATH\Config\Validation.php on line 13.
 1 SYSTEMPATH\Autoloader\Autoloader.php(306): include_once()
 2 SYSTEMPATH\Autoloader\Autoloader.php(285): CodeIgniter\Autoloader\Autoloader->includeFile('C:\\xampp\\htdocs\\appcomple\\app\\Config\\Validation.php')
 3 SYSTEMPATH\Autoloader\Autoloader.php(263): CodeIgniter\Autoloader\Autoloader->loadInNamespace('Config\\Validation')
 4 [internal function]: CodeIgniter\Autoloader\Autoloader->loadClass('Config\\Validation')
 5 SYSTEMPATH\Config\Factories.php(277): class_exists('Config\\Validation')
 6 SYSTEMPATH\Config\Factories.php(196): CodeIgniter\Config\Factories::locateClass([...], 'Config\\Validation')
 7 SYSTEMPATH\Config\Factories.php(155): CodeIgniter\Config\Factories::getDefinedInstance([...], 'Config\\Validation', [])
 8 SYSTEMPATH\Common.php(217): CodeIgniter\Config\Factories::__callStatic('config', [])
 9 SYSTEMPATH\Config\Services.php(815): config('Config\\Validation')
10 SYSTEMPATH\Config\BaseService.php(258): CodeIgniter\Config\Services::validation(null, false)
11 SYSTEMPATH\BaseModel.php(332): CodeIgniter\Config\BaseService::__callStatic('validation', [...])
12 SYSTEMPATH\Model.php(155): CodeIgniter\BaseModel->__construct(null)
13 APPPATH\Controllers\ActComplementarias.php(9): CodeIgniter\Model->__construct()
14 SYSTEMPATH\CodeIgniter.php(891): App\Controllers\ActComplementarias->__construct()
15 SYSTEMPATH\CodeIgniter.php(485): CodeIgniter\CodeIgniter->createController()
16 SYSTEMPATH\CodeIgniter.php(353): CodeIgniter\CodeIgniter->handleRequest(null, Object(Config\Cache), false)
17 FCPATH\index.php(79): CodeIgniter\CodeIgniter->run()
18 SYSTEMPATH\Commands\Server\rewrite.php(47): require_once('C:\\xampp\\htdocs\\appcomple\\public\\index.php')
CRITICAL - 2023-10-13 05:19:24 --> Class "Config\BaseConfig" not found
in APPPATH\Config\Validation.php on line 13.
 1 SYSTEMPATH\Autoloader\Autoloader.php(306): include_once()
 2 SYSTEMPATH\Autoloader\Autoloader.php(285): CodeIgniter\Autoloader\Autoloader->includeFile('C:\\xampp\\htdocs\\appcomple\\app\\Config\\Validation.php')
 3 SYSTEMPATH\Autoloader\Autoloader.php(263): CodeIgniter\Autoloader\Autoloader->loadInNamespace('Config\\Validation')
 4 [internal function]: CodeIgniter\Autoloader\Autoloader->loadClass('Config\\Validation')
 5 SYSTEMPATH\Config\Factories.php(277): class_exists('Config\\Validation')
 6 SYSTEMPATH\Config\Factories.php(196): CodeIgniter\Config\Factories::locateClass([...], 'Config\\Validation')
 7 SYSTEMPATH\Config\Factories.php(155): CodeIgniter\Config\Factories::getDefinedInstance([...], 'Config\\Validation', [])
 8 SYSTEMPATH\Common.php(217): CodeIgniter\Config\Factories::__callStatic('config', [])
 9 SYSTEMPATH\Config\Services.php(815): config('Config\\Validation')
10 SYSTEMPATH\Config\BaseService.php(258): CodeIgniter\Config\Services::validation(null, false)
11 SYSTEMPATH\BaseModel.php(332): CodeIgniter\Config\BaseService::__callStatic('validation', [...])
12 SYSTEMPATH\Model.php(155): CodeIgniter\BaseModel->__construct(null)
13 APPPATH\Controllers\ActComplementarias.php(9): CodeIgniter\Model->__construct()
14 SYSTEMPATH\CodeIgniter.php(891): App\Controllers\ActComplementarias->__construct()
15 SYSTEMPATH\CodeIgniter.php(485): CodeIgniter\CodeIgniter->createController()
16 SYSTEMPATH\CodeIgniter.php(353): CodeIgniter\CodeIgniter->handleRequest(null, Object(Config\Cache), false)
17 FCPATH\index.php(79): CodeIgniter\CodeIgniter->run()
18 SYSTEMPATH\Commands\Server\rewrite.php(47): require_once('C:\\xampp\\htdocs\\appcomple\\public\\index.php')
CRITICAL - 2023-10-13 05:36:50 --> Class "Config\BaseConfig" not found
in APPPATH\Config\Validation.php on line 13.
 1 SYSTEMPATH\Autoloader\Autoloader.php(306): include_once()
 2 SYSTEMPATH\Autoloader\Autoloader.php(285): CodeIgniter\Autoloader\Autoloader->includeFile('C:\\xampp\\htdocs\\appcomple\\app\\Config\\Validation.php')
 3 SYSTEMPATH\Autoloader\Autoloader.php(263): CodeIgniter\Autoloader\Autoloader->loadInNamespace('Config\\Validation')
 4 [internal function]: CodeIgniter\Autoloader\Autoloader->loadClass('Config\\Validation')
 5 SYSTEMPATH\Config\Factories.php(277): class_exists('Config\\Validation')
 6 SYSTEMPATH\Config\Factories.php(196): CodeIgniter\Config\Factories::locateClass([...], 'Config\\Validation')
 7 SYSTEMPATH\Config\Factories.php(155): CodeIgniter\Config\Factories::getDefinedInstance([...], 'Config\\Validation', [])
 8 SYSTEMPATH\Common.php(217): CodeIgniter\Config\Factories::__callStatic('config', [])
 9 SYSTEMPATH\Config\Services.php(815): config('Config\\Validation')
10 SYSTEMPATH\Config\BaseService.php(258): CodeIgniter\Config\Services::validation(null, false)
11 SYSTEMPATH\BaseModel.php(332): CodeIgniter\Config\BaseService::__callStatic('validation', [...])
12 SYSTEMPATH\Model.php(155): CodeIgniter\BaseModel->__construct(null)
13 APPPATH\Controllers\Solicitudes.php(9): CodeIgniter\Model->__construct()
14 SYSTEMPATH\CodeIgniter.php(891): App\Controllers\Solicitudes->__construct()
15 SYSTEMPATH\CodeIgniter.php(485): CodeIgniter\CodeIgniter->createController()
16 SYSTEMPATH\CodeIgniter.php(353): CodeIgniter\CodeIgniter->handleRequest(null, Object(Config\Cache), false)
17 FCPATH\index.php(79): CodeIgniter\CodeIgniter->run()
18 SYSTEMPATH\Commands\Server\rewrite.php(47): require_once('C:\\xampp\\htdocs\\appcomple\\public\\index.php')
CRITICAL - 2023-10-13 05:36:52 --> Class "Config\BaseConfig" not found
in APPPATH\Config\Validation.php on line 13.
 1 SYSTEMPATH\Autoloader\Autoloader.php(306): include_once()
 2 SYSTEMPATH\Autoloader\Autoloader.php(285): CodeIgniter\Autoloader\Autoloader->includeFile('C:\\xampp\\htdocs\\appcomple\\app\\Config\\Validation.php')
 3 SYSTEMPATH\Autoloader\Autoloader.php(263): CodeIgniter\Autoloader\Autoloader->loadInNamespace('Config\\Validation')
 4 [internal function]: CodeIgniter\Autoloader\Autoloader->loadClass('Config\\Validation')
 5 SYSTEMPATH\Config\Factories.php(277): class_exists('Config\\Validation')
 6 SYSTEMPATH\Config\Factories.php(196): CodeIgniter\Config\Factories::locateClass([...], 'Config\\Validation')
 7 SYSTEMPATH\Config\Factories.php(155): CodeIgniter\Config\Factories::getDefinedInstance([...], 'Config\\Validation', [])
 8 SYSTEMPATH\Common.php(217): CodeIgniter\Config\Factories::__callStatic('config', [])
 9 SYSTEMPATH\Config\Services.php(815): config('Config\\Validation')
10 SYSTEMPATH\Config\BaseService.php(258): CodeIgniter\Config\Services::validation(null, false)
11 SYSTEMPATH\BaseModel.php(332): CodeIgniter\Config\BaseService::__callStatic('validation', [...])
12 SYSTEMPATH\Model.php(155): CodeIgniter\BaseModel->__construct(null)
13 APPPATH\Controllers\Solicitudes.php(9): CodeIgniter\Model->__construct()
14 SYSTEMPATH\CodeIgniter.php(891): App\Controllers\Solicitudes->__construct()
15 SYSTEMPATH\CodeIgniter.php(485): CodeIgniter\CodeIgniter->createController()
16 SYSTEMPATH\CodeIgniter.php(353): CodeIgniter\CodeIgniter->handleRequest(null, Object(Config\Cache), false)
17 FCPATH\index.php(79): CodeIgniter\CodeIgniter->run()
18 SYSTEMPATH\Commands\Server\rewrite.php(47): require_once('C:\\xampp\\htdocs\\appcomple\\public\\index.php')
CRITICAL - 2023-10-13 05:39:38 --> Class "Config\BaseConfig" not found
in APPPATH\Config\Validation.php on line 13.
 1 SYSTEMPATH\Autoloader\Autoloader.php(306): include_once()
 2 SYSTEMPATH\Autoloader\Autoloader.php(285): CodeIgniter\Autoloader\Autoloader->includeFile('C:\\xampp\\htdocs\\appcomple\\app\\Config\\Validation.php')
 3 SYSTEMPATH\Autoloader\Autoloader.php(263): CodeIgniter\Autoloader\Autoloader->loadInNamespace('Config\\Validation')
 4 [internal function]: CodeIgniter\Autoloader\Autoloader->loadClass('Config\\Validation')
 5 SYSTEMPATH\Config\Factories.php(277): class_exists('Config\\Validation')
 6 SYSTEMPATH\Config\Factories.php(196): CodeIgniter\Config\Factories::locateClass([...], 'Config\\Validation')
 7 SYSTEMPATH\Config\Factories.php(155): CodeIgniter\Config\Factories::getDefinedInstance([...], 'Config\\Validation', [])
 8 SYSTEMPATH\Common.php(217): CodeIgniter\Config\Factories::__callStatic('config', [])
 9 SYSTEMPATH\Config\Services.php(815): config('Config\\Validation')
10 SYSTEMPATH\Config\BaseService.php(258): CodeIgniter\Config\Services::validation(null, false)
11 SYSTEMPATH\BaseModel.php(332): CodeIgniter\Config\BaseService::__callStatic('validation', [...])
12 SYSTEMPATH\Model.php(155): CodeIgniter\BaseModel->__construct(null)
13 APPPATH\Controllers\Solicitudes.php(9): CodeIgniter\Model->__construct()
14 SYSTEMPATH\CodeIgniter.php(891): App\Controllers\Solicitudes->__construct()
15 SYSTEMPATH\CodeIgniter.php(485): CodeIgniter\CodeIgniter->createController()
16 SYSTEMPATH\CodeIgniter.php(353): CodeIgniter\CodeIgniter->handleRequest(null, Object(Config\Cache), false)
17 FCPATH\index.php(79): CodeIgniter\CodeIgniter->run()
18 SYSTEMPATH\Commands\Server\rewrite.php(47): require_once('C:\\xampp\\htdocs\\appcomple\\public\\index.php')
CRITICAL - 2023-10-13 05:39:40 --> Class "Config\BaseConfig" not found
in APPPATH\Config\Validation.php on line 13.
 1 SYSTEMPATH\Autoloader\Autoloader.php(306): include_once()
 2 SYSTEMPATH\Autoloader\Autoloader.php(285): CodeIgniter\Autoloader\Autoloader->includeFile('C:\\xampp\\htdocs\\appcomple\\app\\Config\\Validation.php')
 3 SYSTEMPATH\Autoloader\Autoloader.php(263): CodeIgniter\Autoloader\Autoloader->loadInNamespace('Config\\Validation')
 4 [internal function]: CodeIgniter\Autoloader\Autoloader->loadClass('Config\\Validation')
 5 SYSTEMPATH\Config\Factories.php(277): class_exists('Config\\Validation')
 6 SYSTEMPATH\Config\Factories.php(196): CodeIgniter\Config\Factories::locateClass([...], 'Config\\Validation')
 7 SYSTEMPATH\Config\Factories.php(155): CodeIgniter\Config\Factories::getDefinedInstance([...], 'Config\\Validation', [])
 8 SYSTEMPATH\Common.php(217): CodeIgniter\Config\Factories::__callStatic('config', [])
 9 SYSTEMPATH\Config\Services.php(815): config('Config\\Validation')
10 SYSTEMPATH\Config\BaseService.php(258): CodeIgniter\Config\Services::validation(null, false)
11 SYSTEMPATH\BaseModel.php(332): CodeIgniter\Config\BaseService::__callStatic('validation', [...])
12 SYSTEMPATH\Model.php(155): CodeIgniter\BaseModel->__construct(null)
13 APPPATH\Controllers\Solicitudes.php(9): CodeIgniter\Model->__construct()
14 SYSTEMPATH\CodeIgniter.php(891): App\Controllers\Solicitudes->__construct()
15 SYSTEMPATH\CodeIgniter.php(485): CodeIgniter\CodeIgniter->createController()
16 SYSTEMPATH\CodeIgniter.php(353): CodeIgniter\CodeIgniter->handleRequest(null, Object(Config\Cache), false)
17 FCPATH\index.php(79): CodeIgniter\CodeIgniter->run()
18 SYSTEMPATH\Commands\Server\rewrite.php(47): require_once('C:\\xampp\\htdocs\\appcomple\\public\\index.php')
CRITICAL - 2023-10-13 05:39:40 --> Class "Config\BaseConfig" not found
in APPPATH\Config\Validation.php on line 13.
 1 SYSTEMPATH\Autoloader\Autoloader.php(306): include_once()
 2 SYSTEMPATH\Autoloader\Autoloader.php(285): CodeIgniter\Autoloader\Autoloader->includeFile('C:\\xampp\\htdocs\\appcomple\\app\\Config\\Validation.php')
 3 SYSTEMPATH\Autoloader\Autoloader.php(263): CodeIgniter\Autoloader\Autoloader->loadInNamespace('Config\\Validation')
 4 [internal function]: CodeIgniter\Autoloader\Autoloader->loadClass('Config\\Validation')
 5 SYSTEMPATH\Config\Factories.php(277): class_exists('Config\\Validation')
 6 SYSTEMPATH\Config\Factories.php(196): CodeIgniter\Config\Factories::locateClass([...], 'Config\\Validation')
 7 SYSTEMPATH\Config\Factories.php(155): CodeIgniter\Config\Factories::getDefinedInstance([...], 'Config\\Validation', [])
 8 SYSTEMPATH\Common.php(217): CodeIgniter\Config\Factories::__callStatic('config', [])
 9 SYSTEMPATH\Config\Services.php(815): config('Config\\Validation')
10 SYSTEMPATH\Config\BaseService.php(258): CodeIgniter\Config\Services::validation(null, false)
11 SYSTEMPATH\BaseModel.php(332): CodeIgniter\Config\BaseService::__callStatic('validation', [...])
12 SYSTEMPATH\Model.php(155): CodeIgniter\BaseModel->__construct(null)
13 APPPATH\Controllers\Solicitudes.php(9): CodeIgniter\Model->__construct()
14 SYSTEMPATH\CodeIgniter.php(891): App\Controllers\Solicitudes->__construct()
15 SYSTEMPATH\CodeIgniter.php(485): CodeIgniter\CodeIgniter->createController()
16 SYSTEMPATH\CodeIgniter.php(353): CodeIgniter\CodeIgniter->handleRequest(null, Object(Config\Cache), false)
17 FCPATH\index.php(79): CodeIgniter\CodeIgniter->run()
18 SYSTEMPATH\Commands\Server\rewrite.php(47): require_once('C:\\xampp\\htdocs\\appcomple\\public\\index.php')
CRITICAL - 2023-10-13 05:39:41 --> Class "Config\BaseConfig" not found
in APPPATH\Config\Validation.php on line 13.
 1 SYSTEMPATH\Autoloader\Autoloader.php(306): include_once()
 2 SYSTEMPATH\Autoloader\Autoloader.php(285): CodeIgniter\Autoloader\Autoloader->includeFile('C:\\xampp\\htdocs\\appcomple\\app\\Config\\Validation.php')
 3 SYSTEMPATH\Autoloader\Autoloader.php(263): CodeIgniter\Autoloader\Autoloader->loadInNamespace('Config\\Validation')
 4 [internal function]: CodeIgniter\Autoloader\Autoloader->loadClass('Config\\Validation')
 5 SYSTEMPATH\Config\Factories.php(277): class_exists('Config\\Validation')
 6 SYSTEMPATH\Config\Factories.php(196): CodeIgniter\Config\Factories::locateClass([...], 'Config\\Validation')
 7 SYSTEMPATH\Config\Factories.php(155): CodeIgniter\Config\Factories::getDefinedInstance([...], 'Config\\Validation', [])
 8 SYSTEMPATH\Common.php(217): CodeIgniter\Config\Factories::__callStatic('config', [])
 9 SYSTEMPATH\Config\Services.php(815): config('Config\\Validation')
10 SYSTEMPATH\Config\BaseService.php(258): CodeIgniter\Config\Services::validation(null, false)
11 SYSTEMPATH\BaseModel.php(332): CodeIgniter\Config\BaseService::__callStatic('validation', [...])
12 SYSTEMPATH\Model.php(155): CodeIgniter\BaseModel->__construct(null)
13 APPPATH\Controllers\Solicitudes.php(9): CodeIgniter\Model->__construct()
14 SYSTEMPATH\CodeIgniter.php(891): App\Controllers\Solicitudes->__construct()
15 SYSTEMPATH\CodeIgniter.php(485): CodeIgniter\CodeIgniter->createController()
16 SYSTEMPATH\CodeIgniter.php(353): CodeIgniter\CodeIgniter->handleRequest(null, Object(Config\Cache), false)
17 FCPATH\index.php(79): CodeIgniter\CodeIgniter->run()
18 SYSTEMPATH\Commands\Server\rewrite.php(47): require_once('C:\\xampp\\htdocs\\appcomple\\public\\index.php')
CRITICAL - 2023-10-13 05:39:44 --> Class "Config\BaseConfig" not found
in APPPATH\Config\Validation.php on line 13.
 1 SYSTEMPATH\Autoloader\Autoloader.php(306): include_once()
 2 SYSTEMPATH\Autoloader\Autoloader.php(285): CodeIgniter\Autoloader\Autoloader->includeFile('C:\\xampp\\htdocs\\appcomple\\app\\Config\\Validation.php')
 3 SYSTEMPATH\Autoloader\Autoloader.php(263): CodeIgniter\Autoloader\Autoloader->loadInNamespace('Config\\Validation')
 4 [internal function]: CodeIgniter\Autoloader\Autoloader->loadClass('Config\\Validation')
 5 SYSTEMPATH\Config\Factories.php(277): class_exists('Config\\Validation')
 6 SYSTEMPATH\Config\Factories.php(196): CodeIgniter\Config\Factories::locateClass([...], 'Config\\Validation')
 7 SYSTEMPATH\Config\Factories.php(155): CodeIgniter\Config\Factories::getDefinedInstance([...], 'Config\\Validation', [])
 8 SYSTEMPATH\Common.php(217): CodeIgniter\Config\Factories::__callStatic('config', [])
 9 SYSTEMPATH\Config\Services.php(815): config('Config\\Validation')
10 SYSTEMPATH\Config\BaseService.php(258): CodeIgniter\Config\Services::validation(null, false)
11 SYSTEMPATH\BaseModel.php(332): CodeIgniter\Config\BaseService::__callStatic('validation', [...])
12 SYSTEMPATH\Model.php(155): CodeIgniter\BaseModel->__construct(null)
13 APPPATH\Controllers\Solicitudes.php(9): CodeIgniter\Model->__construct()
14 SYSTEMPATH\CodeIgniter.php(891): App\Controllers\Solicitudes->__construct()
15 SYSTEMPATH\CodeIgniter.php(485): CodeIgniter\CodeIgniter->createController()
16 SYSTEMPATH\CodeIgniter.php(353): CodeIgniter\CodeIgniter->handleRequest(null, Object(Config\Cache), false)
17 FCPATH\index.php(79): CodeIgniter\CodeIgniter->run()
18 SYSTEMPATH\Commands\Server\rewrite.php(47): require_once('C:\\xampp\\htdocs\\appcomple\\public\\index.php')
CRITICAL - 2023-10-13 05:39:45 --> Class "Config\BaseConfig" not found
in APPPATH\Config\Validation.php on line 13.
 1 SYSTEMPATH\Autoloader\Autoloader.php(306): include_once()
 2 SYSTEMPATH\Autoloader\Autoloader.php(285): CodeIgniter\Autoloader\Autoloader->includeFile('C:\\xampp\\htdocs\\appcomple\\app\\Config\\Validation.php')
 3 SYSTEMPATH\Autoloader\Autoloader.php(263): CodeIgniter\Autoloader\Autoloader->loadInNamespace('Config\\Validation')
 4 [internal function]: CodeIgniter\Autoloader\Autoloader->loadClass('Config\\Validation')
 5 SYSTEMPATH\Config\Factories.php(277): class_exists('Config\\Validation')
 6 SYSTEMPATH\Config\Factories.php(196): CodeIgniter\Config\Factories::locateClass([...], 'Config\\Validation')
 7 SYSTEMPATH\Config\Factories.php(155): CodeIgniter\Config\Factories::getDefinedInstance([...], 'Config\\Validation', [])
 8 SYSTEMPATH\Common.php(217): CodeIgniter\Config\Factories::__callStatic('config', [])
 9 SYSTEMPATH\Config\Services.php(815): config('Config\\Validation')
10 SYSTEMPATH\Config\BaseService.php(258): CodeIgniter\Config\Services::validation(null, false)
11 SYSTEMPATH\BaseModel.php(332): CodeIgniter\Config\BaseService::__callStatic('validation', [...])
12 SYSTEMPATH\Model.php(155): CodeIgniter\BaseModel->__construct(null)
13 APPPATH\Controllers\Solicitudes.php(9): CodeIgniter\Model->__construct()
14 SYSTEMPATH\CodeIgniter.php(891): App\Controllers\Solicitudes->__construct()
15 SYSTEMPATH\CodeIgniter.php(485): CodeIgniter\CodeIgniter->createController()
16 SYSTEMPATH\CodeIgniter.php(353): CodeIgniter\CodeIgniter->handleRequest(null, Object(Config\Cache), false)
17 FCPATH\index.php(79): CodeIgniter\CodeIgniter->run()
18 SYSTEMPATH\Commands\Server\rewrite.php(47): require_once('C:\\xampp\\htdocs\\appcomple\\public\\index.php')
CRITICAL - 2023-10-13 05:39:50 --> Class "Config\BaseConfig" not found
in APPPATH\Config\Validation.php on line 13.
 1 SYSTEMPATH\Autoloader\Autoloader.php(306): include_once()
 2 SYSTEMPATH\Autoloader\Autoloader.php(285): CodeIgniter\Autoloader\Autoloader->includeFile('C:\\xampp\\htdocs\\appcomple\\app\\Config\\Validation.php')
 3 SYSTEMPATH\Autoloader\Autoloader.php(263): CodeIgniter\Autoloader\Autoloader->loadInNamespace('Config\\Validation')
 4 [internal function]: CodeIgniter\Autoloader\Autoloader->loadClass('Config\\Validation')
 5 SYSTEMPATH\Config\Factories.php(277): class_exists('Config\\Validation')
 6 SYSTEMPATH\Config\Factories.php(196): CodeIgniter\Config\Factories::locateClass([...], 'Config\\Validation')
 7 SYSTEMPATH\Config\Factories.php(155): CodeIgniter\Config\Factories::getDefinedInstance([...], 'Config\\Validation', [])
 8 SYSTEMPATH\Common.php(217): CodeIgniter\Config\Factories::__callStatic('config', [])
 9 SYSTEMPATH\Config\Services.php(815): config('Config\\Validation')
10 SYSTEMPATH\Config\BaseService.php(258): CodeIgniter\Config\Services::validation(null, false)
11 SYSTEMPATH\BaseModel.php(332): CodeIgniter\Config\BaseService::__callStatic('validation', [...])
12 SYSTEMPATH\Model.php(155): CodeIgniter\BaseModel->__construct(null)
13 APPPATH\Controllers\Solicitudes.php(9): CodeIgniter\Model->__construct()
14 SYSTEMPATH\CodeIgniter.php(891): App\Controllers\Solicitudes->__construct()
15 SYSTEMPATH\CodeIgniter.php(485): CodeIgniter\CodeIgniter->createController()
16 SYSTEMPATH\CodeIgniter.php(353): CodeIgniter\CodeIgniter->handleRequest(null, Object(Config\Cache), false)
17 FCPATH\index.php(79): CodeIgniter\CodeIgniter->run()
18 SYSTEMPATH\Commands\Server\rewrite.php(47): require_once('C:\\xampp\\htdocs\\appcomple\\public\\index.php')
CRITICAL - 2023-10-13 05:39:57 --> Class "Config\BaseConfig" not found
in APPPATH\Config\Validation.php on line 13.
 1 SYSTEMPATH\Autoloader\Autoloader.php(306): include_once()
 2 SYSTEMPATH\Autoloader\Autoloader.php(285): CodeIgniter\Autoloader\Autoloader->includeFile('C:\\xampp\\htdocs\\appcomple\\app\\Config\\Validation.php')
 3 SYSTEMPATH\Autoloader\Autoloader.php(263): CodeIgniter\Autoloader\Autoloader->loadInNamespace('Config\\Validation')
 4 [internal function]: CodeIgniter\Autoloader\Autoloader->loadClass('Config\\Validation')
 5 SYSTEMPATH\Config\Factories.php(277): class_exists('Config\\Validation')
 6 SYSTEMPATH\Config\Factories.php(196): CodeIgniter\Config\Factories::locateClass([...], 'Config\\Validation')
 7 SYSTEMPATH\Config\Factories.php(155): CodeIgniter\Config\Factories::getDefinedInstance([...], 'Config\\Validation', [])
 8 SYSTEMPATH\Common.php(217): CodeIgniter\Config\Factories::__callStatic('config', [])
 9 SYSTEMPATH\Config\Services.php(815): config('Config\\Validation')
10 SYSTEMPATH\Config\BaseService.php(258): CodeIgniter\Config\Services::validation(null, false)
11 SYSTEMPATH\BaseModel.php(332): CodeIgniter\Config\BaseService::__callStatic('validation', [...])
12 SYSTEMPATH\Model.php(155): CodeIgniter\BaseModel->__construct(null)
13 APPPATH\Controllers\Solicitudes.php(9): CodeIgniter\Model->__construct()
14 SYSTEMPATH\CodeIgniter.php(891): App\Controllers\Solicitudes->__construct()
15 SYSTEMPATH\CodeIgniter.php(485): CodeIgniter\CodeIgniter->createController()
16 SYSTEMPATH\CodeIgniter.php(353): CodeIgniter\CodeIgniter->handleRequest(null, Object(Config\Cache), false)
17 FCPATH\index.php(79): CodeIgniter\CodeIgniter->run()
18 SYSTEMPATH\Commands\Server\rewrite.php(47): require_once('C:\\xampp\\htdocs\\appcomple\\public\\index.php')
CRITICAL - 2023-10-13 05:42:10 --> Class "Config\BaseConfig" not found
in APPPATH\Config\Validation.php on line 13.
 1 SYSTEMPATH\Autoloader\Autoloader.php(306): include_once()
 2 SYSTEMPATH\Autoloader\Autoloader.php(285): CodeIgniter\Autoloader\Autoloader->includeFile('C:\\xampp\\htdocs\\appcomple\\app\\Config\\Validation.php')
 3 SYSTEMPATH\Autoloader\Autoloader.php(263): CodeIgniter\Autoloader\Autoloader->loadInNamespace('Config\\Validation')
 4 [internal function]: CodeIgniter\Autoloader\Autoloader->loadClass('Config\\Validation')
 5 SYSTEMPATH\Config\Factories.php(277): class_exists('Config\\Validation')
 6 SYSTEMPATH\Config\Factories.php(196): CodeIgniter\Config\Factories::locateClass([...], 'Config\\Validation')
 7 SYSTEMPATH\Config\Factories.php(155): CodeIgniter\Config\Factories::getDefinedInstance([...], 'Config\\Validation', [])
 8 SYSTEMPATH\Common.php(217): CodeIgniter\Config\Factories::__callStatic('config', [])
 9 SYSTEMPATH\Config\Services.php(815): config('Config\\Validation')
10 SYSTEMPATH\Config\BaseService.php(258): CodeIgniter\Config\Services::validation(null, false)
11 SYSTEMPATH\BaseModel.php(332): CodeIgniter\Config\BaseService::__callStatic('validation', [...])
12 SYSTEMPATH\Model.php(155): CodeIgniter\BaseModel->__construct(null)
13 APPPATH\Controllers\Solicitudes.php(9): CodeIgniter\Model->__construct()
14 SYSTEMPATH\CodeIgniter.php(891): App\Controllers\Solicitudes->__construct()
15 SYSTEMPATH\CodeIgniter.php(485): CodeIgniter\CodeIgniter->createController()
16 SYSTEMPATH\CodeIgniter.php(353): CodeIgniter\CodeIgniter->handleRequest(null, Object(Config\Cache), false)
17 FCPATH\index.php(79): CodeIgniter\CodeIgniter->run()
18 SYSTEMPATH\Commands\Server\rewrite.php(47): require_once('C:\\xampp\\htdocs\\appcomple\\public\\index.php')
CRITICAL - 2023-10-13 05:42:11 --> Class "Config\BaseConfig" not found
in APPPATH\Config\Validation.php on line 13.
 1 SYSTEMPATH\Autoloader\Autoloader.php(306): include_once()
 2 SYSTEMPATH\Autoloader\Autoloader.php(285): CodeIgniter\Autoloader\Autoloader->includeFile('C:\\xampp\\htdocs\\appcomple\\app\\Config\\Validation.php')
 3 SYSTEMPATH\Autoloader\Autoloader.php(263): CodeIgniter\Autoloader\Autoloader->loadInNamespace('Config\\Validation')
 4 [internal function]: CodeIgniter\Autoloader\Autoloader->loadClass('Config\\Validation')
 5 SYSTEMPATH\Config\Factories.php(277): class_exists('Config\\Validation')
 6 SYSTEMPATH\Config\Factories.php(196): CodeIgniter\Config\Factories::locateClass([...], 'Config\\Validation')
 7 SYSTEMPATH\Config\Factories.php(155): CodeIgniter\Config\Factories::getDefinedInstance([...], 'Config\\Validation', [])
 8 SYSTEMPATH\Common.php(217): CodeIgniter\Config\Factories::__callStatic('config', [])
 9 SYSTEMPATH\Config\Services.php(815): config('Config\\Validation')
10 SYSTEMPATH\Config\BaseService.php(258): CodeIgniter\Config\Services::validation(null, false)
11 SYSTEMPATH\BaseModel.php(332): CodeIgniter\Config\BaseService::__callStatic('validation', [...])
12 SYSTEMPATH\Model.php(155): CodeIgniter\BaseModel->__construct(null)
13 APPPATH\Controllers\Solicitudes.php(9): CodeIgniter\Model->__construct()
14 SYSTEMPATH\CodeIgniter.php(891): App\Controllers\Solicitudes->__construct()
15 SYSTEMPATH\CodeIgniter.php(485): CodeIgniter\CodeIgniter->createController()
16 SYSTEMPATH\CodeIgniter.php(353): CodeIgniter\CodeIgniter->handleRequest(null, Object(Config\Cache), false)
17 FCPATH\index.php(79): CodeIgniter\CodeIgniter->run()
18 SYSTEMPATH\Commands\Server\rewrite.php(47): require_once('C:\\xampp\\htdocs\\appcomple\\public\\index.php')
CRITICAL - 2023-10-13 05:42:12 --> Class "Config\BaseConfig" not found
in APPPATH\Config\Validation.php on line 13.
 1 SYSTEMPATH\Autoloader\Autoloader.php(306): include_once()
 2 SYSTEMPATH\Autoloader\Autoloader.php(285): CodeIgniter\Autoloader\Autoloader->includeFile('C:\\xampp\\htdocs\\appcomple\\app\\Config\\Validation.php')
 3 SYSTEMPATH\Autoloader\Autoloader.php(263): CodeIgniter\Autoloader\Autoloader->loadInNamespace('Config\\Validation')
 4 [internal function]: CodeIgniter\Autoloader\Autoloader->loadClass('Config\\Validation')
 5 SYSTEMPATH\Config\Factories.php(277): class_exists('Config\\Validation')
 6 SYSTEMPATH\Config\Factories.php(196): CodeIgniter\Config\Factories::locateClass([...], 'Config\\Validation')
 7 SYSTEMPATH\Config\Factories.php(155): CodeIgniter\Config\Factories::getDefinedInstance([...], 'Config\\Validation', [])
 8 SYSTEMPATH\Common.php(217): CodeIgniter\Config\Factories::__callStatic('config', [])
 9 SYSTEMPATH\Config\Services.php(815): config('Config\\Validation')
10 SYSTEMPATH\Config\BaseService.php(258): CodeIgniter\Config\Services::validation(null, false)
11 SYSTEMPATH\BaseModel.php(332): CodeIgniter\Config\BaseService::__callStatic('validation', [...])
12 SYSTEMPATH\Model.php(155): CodeIgniter\BaseModel->__construct(null)
13 APPPATH\Controllers\Solicitudes.php(9): CodeIgniter\Model->__construct()
14 SYSTEMPATH\CodeIgniter.php(891): App\Controllers\Solicitudes->__construct()
15 SYSTEMPATH\CodeIgniter.php(485): CodeIgniter\CodeIgniter->createController()
16 SYSTEMPATH\CodeIgniter.php(353): CodeIgniter\CodeIgniter->handleRequest(null, Object(Config\Cache), false)
17 FCPATH\index.php(79): CodeIgniter\CodeIgniter->run()
18 SYSTEMPATH\Commands\Server\rewrite.php(47): require_once('C:\\xampp\\htdocs\\appcomple\\public\\index.php')
CRITICAL - 2023-10-13 05:42:13 --> Class "Config\BaseConfig" not found
in APPPATH\Config\Validation.php on line 13.
 1 SYSTEMPATH\Autoloader\Autoloader.php(306): include_once()
 2 SYSTEMPATH\Autoloader\Autoloader.php(285): CodeIgniter\Autoloader\Autoloader->includeFile('C:\\xampp\\htdocs\\appcomple\\app\\Config\\Validation.php')
 3 SYSTEMPATH\Autoloader\Autoloader.php(263): CodeIgniter\Autoloader\Autoloader->loadInNamespace('Config\\Validation')
 4 [internal function]: CodeIgniter\Autoloader\Autoloader->loadClass('Config\\Validation')
 5 SYSTEMPATH\Config\Factories.php(277): class_exists('Config\\Validation')
 6 SYSTEMPATH\Config\Factories.php(196): CodeIgniter\Config\Factories::locateClass([...], 'Config\\Validation')
 7 SYSTEMPATH\Config\Factories.php(155): CodeIgniter\Config\Factories::getDefinedInstance([...], 'Config\\Validation', [])
 8 SYSTEMPATH\Common.php(217): CodeIgniter\Config\Factories::__callStatic('config', [])
 9 SYSTEMPATH\Config\Services.php(815): config('Config\\Validation')
10 SYSTEMPATH\Config\BaseService.php(258): CodeIgniter\Config\Services::validation(null, false)
11 SYSTEMPATH\BaseModel.php(332): CodeIgniter\Config\BaseService::__callStatic('validation', [...])
12 SYSTEMPATH\Model.php(155): CodeIgniter\BaseModel->__construct(null)
13 APPPATH\Controllers\Solicitudes.php(9): CodeIgniter\Model->__construct()
14 SYSTEMPATH\CodeIgniter.php(891): App\Controllers\Solicitudes->__construct()
15 SYSTEMPATH\CodeIgniter.php(485): CodeIgniter\CodeIgniter->createController()
16 SYSTEMPATH\CodeIgniter.php(353): CodeIgniter\CodeIgniter->handleRequest(null, Object(Config\Cache), false)
17 FCPATH\index.php(79): CodeIgniter\CodeIgniter->run()
18 SYSTEMPATH\Commands\Server\rewrite.php(47): require_once('C:\\xampp\\htdocs\\appcomple\\public\\index.php')
CRITICAL - 2023-10-13 05:42:14 --> Class "Config\BaseConfig" not found
in APPPATH\Config\Validation.php on line 13.
 1 SYSTEMPATH\Autoloader\Autoloader.php(306): include_once()
 2 SYSTEMPATH\Autoloader\Autoloader.php(285): CodeIgniter\Autoloader\Autoloader->includeFile('C:\\xampp\\htdocs\\appcomple\\app\\Config\\Validation.php')
 3 SYSTEMPATH\Autoloader\Autoloader.php(263): CodeIgniter\Autoloader\Autoloader->loadInNamespace('Config\\Validation')
 4 [internal function]: CodeIgniter\Autoloader\Autoloader->loadClass('Config\\Validation')
 5 SYSTEMPATH\Config\Factories.php(277): class_exists('Config\\Validation')
 6 SYSTEMPATH\Config\Factories.php(196): CodeIgniter\Config\Factories::locateClass([...], 'Config\\Validation')
 7 SYSTEMPATH\Config\Factories.php(155): CodeIgniter\Config\Factories::getDefinedInstance([...], 'Config\\Validation', [])
 8 SYSTEMPATH\Common.php(217): CodeIgniter\Config\Factories::__callStatic('config', [])
 9 SYSTEMPATH\Config\Services.php(815): config('Config\\Validation')
10 SYSTEMPATH\Config\BaseService.php(258): CodeIgniter\Config\Services::validation(null, false)
11 SYSTEMPATH\BaseModel.php(332): CodeIgniter\Config\BaseService::__callStatic('validation', [...])
12 SYSTEMPATH\Model.php(155): CodeIgniter\BaseModel->__construct(null)
13 APPPATH\Controllers\Solicitudes.php(9): CodeIgniter\Model->__construct()
14 SYSTEMPATH\CodeIgniter.php(891): App\Controllers\Solicitudes->__construct()
15 SYSTEMPATH\CodeIgniter.php(485): CodeIgniter\CodeIgniter->createController()
16 SYSTEMPATH\CodeIgniter.php(353): CodeIgniter\CodeIgniter->handleRequest(null, Object(Config\Cache), false)
17 FCPATH\index.php(79): CodeIgniter\CodeIgniter->run()
18 SYSTEMPATH\Commands\Server\rewrite.php(47): require_once('C:\\xampp\\htdocs\\appcomple\\public\\index.php')
CRITICAL - 2023-10-13 05:46:44 --> Class "Confing\Services" not found
in APPPATH\Config\Routes.php on line 7.
 1 SYSTEMPATH\Router\RouteCollection.php(339): require()
 2 SYSTEMPATH\CodeIgniter.php(787): CodeIgniter\Router\RouteCollection->loadRoutes()
 3 SYSTEMPATH\CodeIgniter.php(442): CodeIgniter\CodeIgniter->tryToRouteIt(null)
 4 SYSTEMPATH\CodeIgniter.php(353): CodeIgniter\CodeIgniter->handleRequest(null, Object(Config\Cache), false)
 5 FCPATH\index.php(79): CodeIgniter\CodeIgniter->run()
 6 SYSTEMPATH\Commands\Server\rewrite.php(47): require_once('C:\\xampp\\htdocs\\appcomple\\public\\index.php')
CRITICAL - 2023-10-13 05:46:49 --> Class "Confing\Services" not found
in APPPATH\Config\Routes.php on line 7.
 1 SYSTEMPATH\Router\RouteCollection.php(339): require()
 2 SYSTEMPATH\CodeIgniter.php(787): CodeIgniter\Router\RouteCollection->loadRoutes()
 3 SYSTEMPATH\CodeIgniter.php(442): CodeIgniter\CodeIgniter->tryToRouteIt(null)
 4 SYSTEMPATH\CodeIgniter.php(353): CodeIgniter\CodeIgniter->handleRequest(null, Object(Config\Cache), false)
 5 FCPATH\index.php(79): CodeIgniter\CodeIgniter->run()
 6 SYSTEMPATH\Commands\Server\rewrite.php(47): require_once('C:\\xampp\\htdocs\\appcomple\\public\\index.php')
CRITICAL - 2023-10-13 05:47:00 --> Class "Confing\Services" not found
in APPPATH\Config\Routes.php on line 7.
 1 SYSTEMPATH\Router\RouteCollection.php(339): require()
 2 SYSTEMPATH\CodeIgniter.php(787): CodeIgniter\Router\RouteCollection->loadRoutes()
 3 SYSTEMPATH\CodeIgniter.php(442): CodeIgniter\CodeIgniter->tryToRouteIt(null)
 4 SYSTEMPATH\CodeIgniter.php(353): CodeIgniter\CodeIgniter->handleRequest(null, Object(Config\Cache), false)
 5 FCPATH\index.php(79): CodeIgniter\CodeIgniter->run()
 6 SYSTEMPATH\Commands\Server\rewrite.php(47): require_once('C:\\xampp\\htdocs\\appcomple\\public\\index.php')
CRITICAL - 2023-10-13 05:47:03 --> Class "Confing\Services" not found
in APPPATH\Config\Routes.php on line 7.
 1 SYSTEMPATH\Router\RouteCollection.php(339): require()
 2 SYSTEMPATH\CodeIgniter.php(787): CodeIgniter\Router\RouteCollection->loadRoutes()
 3 SYSTEMPATH\CodeIgniter.php(442): CodeIgniter\CodeIgniter->tryToRouteIt(null)
 4 SYSTEMPATH\CodeIgniter.php(353): CodeIgniter\CodeIgniter->handleRequest(null, Object(Config\Cache), false)
 5 FCPATH\index.php(79): CodeIgniter\CodeIgniter->run()
 6 SYSTEMPATH\Commands\Server\rewrite.php(47): require_once('C:\\xampp\\htdocs\\appcomple\\public\\index.php')
CRITICAL - 2023-10-13 05:47:57 --> Class "Confing\Services" not found
in APPPATH\Config\Routes.php on line 7.
 1 SYSTEMPATH\Router\RouteCollection.php(339): require()
 2 SYSTEMPATH\CodeIgniter.php(787): CodeIgniter\Router\RouteCollection->loadRoutes()
 3 SYSTEMPATH\CodeIgniter.php(442): CodeIgniter\CodeIgniter->tryToRouteIt(null)
 4 SYSTEMPATH\CodeIgniter.php(353): CodeIgniter\CodeIgniter->handleRequest(null, Object(Config\Cache), false)
 5 FCPATH\index.php(79): CodeIgniter\CodeIgniter->run()
 6 SYSTEMPATH\Commands\Server\rewrite.php(47): require_once('C:\\xampp\\htdocs\\appcomple\\public\\index.php')
CRITICAL - 2023-10-13 05:47:58 --> Class "Confing\Services" not found
in APPPATH\Config\Routes.php on line 7.
 1 SYSTEMPATH\Router\RouteCollection.php(339): require()
 2 SYSTEMPATH\CodeIgniter.php(787): CodeIgniter\Router\RouteCollection->loadRoutes()
 3 SYSTEMPATH\CodeIgniter.php(442): CodeIgniter\CodeIgniter->tryToRouteIt(null)
 4 SYSTEMPATH\CodeIgniter.php(353): CodeIgniter\CodeIgniter->handleRequest(null, Object(Config\Cache), false)
 5 FCPATH\index.php(79): CodeIgniter\CodeIgniter->run()
 6 SYSTEMPATH\Commands\Server\rewrite.php(47): require_once('C:\\xampp\\htdocs\\appcomple\\public\\index.php')
CRITICAL - 2023-10-13 05:47:59 --> Class "Confing\Services" not found
in APPPATH\Config\Routes.php on line 7.
 1 SYSTEMPATH\Router\RouteCollection.php(339): require()
 2 SYSTEMPATH\CodeIgniter.php(787): CodeIgniter\Router\RouteCollection->loadRoutes()
 3 SYSTEMPATH\CodeIgniter.php(442): CodeIgniter\CodeIgniter->tryToRouteIt(null)
 4 SYSTEMPATH\CodeIgniter.php(353): CodeIgniter\CodeIgniter->handleRequest(null, Object(Config\Cache), false)
 5 FCPATH\index.php(79): CodeIgniter\CodeIgniter->run()
 6 SYSTEMPATH\Commands\Server\rewrite.php(47): require_once('C:\\xampp\\htdocs\\appcomple\\public\\index.php')
CRITICAL - 2023-10-13 05:47:59 --> Class "Confing\Services" not found
in APPPATH\Config\Routes.php on line 7.
 1 SYSTEMPATH\Router\RouteCollection.php(339): require()
 2 SYSTEMPATH\CodeIgniter.php(787): CodeIgniter\Router\RouteCollection->loadRoutes()
 3 SYSTEMPATH\CodeIgniter.php(442): CodeIgniter\CodeIgniter->tryToRouteIt(null)
 4 SYSTEMPATH\CodeIgniter.php(353): CodeIgniter\CodeIgniter->handleRequest(null, Object(Config\Cache), false)
 5 FCPATH\index.php(79): CodeIgniter\CodeIgniter->run()
 6 SYSTEMPATH\Commands\Server\rewrite.php(47): require_once('C:\\xampp\\htdocs\\appcomple\\public\\index.php')
CRITICAL - 2023-10-13 05:53:46 --> Class "Confing\Services" not found
in APPPATH\Config\Routes.php on line 7.
 1 SYSTEMPATH\Router\RouteCollection.php(339): require()
 2 SYSTEMPATH\CodeIgniter.php(787): CodeIgniter\Router\RouteCollection->loadRoutes()
 3 SYSTEMPATH\CodeIgniter.php(442): CodeIgniter\CodeIgniter->tryToRouteIt(null)
 4 SYSTEMPATH\CodeIgniter.php(353): CodeIgniter\CodeIgniter->handleRequest(null, Object(Config\Cache), false)
 5 FCPATH\index.php(79): CodeIgniter\CodeIgniter->run()
 6 SYSTEMPATH\Commands\Server\rewrite.php(47): require_once('C:\\xampp\\htdocs\\appcomple\\public\\index.php')
CRITICAL - 2023-10-13 05:53:50 --> Class "Confing\Services" not found
in APPPATH\Config\Routes.php on line 7.
 1 SYSTEMPATH\Router\RouteCollection.php(339): require()
 2 SYSTEMPATH\CodeIgniter.php(787): CodeIgniter\Router\RouteCollection->loadRoutes()
 3 SYSTEMPATH\CodeIgniter.php(442): CodeIgniter\CodeIgniter->tryToRouteIt(null)
 4 SYSTEMPATH\CodeIgniter.php(353): CodeIgniter\CodeIgniter->handleRequest(null, Object(Config\Cache), false)
 5 FCPATH\index.php(79): CodeIgniter\CodeIgniter->run()
 6 SYSTEMPATH\Commands\Server\rewrite.php(47): require_once('C:\\xampp\\htdocs\\appcomple\\public\\index.php')
CRITICAL - 2023-10-13 06:14:41 --> Class "Confing\Services" not found
in APPPATH\Config\Routes.php on line 7.
 1 SYSTEMPATH\Router\RouteCollection.php(339): require()
 2 SYSTEMPATH\CodeIgniter.php(787): CodeIgniter\Router\RouteCollection->loadRoutes()
 3 SYSTEMPATH\CodeIgniter.php(442): CodeIgniter\CodeIgniter->tryToRouteIt(null)
 4 SYSTEMPATH\CodeIgniter.php(353): CodeIgniter\CodeIgniter->handleRequest(null, Object(Config\Cache), false)
 5 FCPATH\index.php(79): CodeIgniter\CodeIgniter->run()
 6 SYSTEMPATH\Commands\Server\rewrite.php(47): require_once('C:\\xampp\\htdocs\\appcomple\\public\\index.php')
CRITICAL - 2023-10-13 06:30:30 --> Class "Confing\Services" not found
in APPPATH\Config\Routes.php on line 7.
 1 SYSTEMPATH\Router\RouteCollection.php(339): require()
 2 SYSTEMPATH\CodeIgniter.php(787): CodeIgniter\Router\RouteCollection->loadRoutes()
 3 SYSTEMPATH\CodeIgniter.php(442): CodeIgniter\CodeIgniter->tryToRouteIt(null)
 4 SYSTEMPATH\CodeIgniter.php(353): CodeIgniter\CodeIgniter->handleRequest(null, Object(Config\Cache), false)
 5 FCPATH\index.php(79): CodeIgniter\CodeIgniter->run()
 6 SYSTEMPATH\Commands\Server\rewrite.php(47): require_once('C:\\xampp\\htdocs\\appcomple\\public\\index.php')
CRITICAL - 2023-10-13 06:30:31 --> Class "Confing\Services" not found
in APPPATH\Config\Routes.php on line 7.
 1 SYSTEMPATH\Router\RouteCollection.php(339): require()
 2 SYSTEMPATH\CodeIgniter.php(787): CodeIgniter\Router\RouteCollection->loadRoutes()
 3 SYSTEMPATH\CodeIgniter.php(442): CodeIgniter\CodeIgniter->tryToRouteIt(null)
 4 SYSTEMPATH\CodeIgniter.php(353): CodeIgniter\CodeIgniter->handleRequest(null, Object(Config\Cache), false)
 5 FCPATH\index.php(79): CodeIgniter\CodeIgniter->run()
 6 SYSTEMPATH\Commands\Server\rewrite.php(47): require_once('C:\\xampp\\htdocs\\appcomple\\public\\index.php')
CRITICAL - 2023-10-13 06:32:50 --> Class "Confing\Services" not found
in APPPATH\Config\Routes.php on line 7.
 1 SYSTEMPATH\Router\RouteCollection.php(339): require()
 2 SYSTEMPATH\CodeIgniter.php(787): CodeIgniter\Router\RouteCollection->loadRoutes()
 3 SYSTEMPATH\CodeIgniter.php(442): CodeIgniter\CodeIgniter->tryToRouteIt(null)
 4 SYSTEMPATH\CodeIgniter.php(353): CodeIgniter\CodeIgniter->handleRequest(null, Object(Config\Cache), false)
 5 FCPATH\index.php(79): CodeIgniter\CodeIgniter->run()
 6 SYSTEMPATH\Commands\Server\rewrite.php(47): require_once('C:\\xampp\\htdocs\\appcomple\\public\\index.php')
CRITICAL - 2023-10-13 06:32:53 --> Class "Confing\Services" not found
in APPPATH\Config\Routes.php on line 7.
 1 SYSTEMPATH\Router\RouteCollection.php(339): require()
 2 SYSTEMPATH\CodeIgniter.php(787): CodeIgniter\Router\RouteCollection->loadRoutes()
 3 SYSTEMPATH\CodeIgniter.php(442): CodeIgniter\CodeIgniter->tryToRouteIt(null)
 4 SYSTEMPATH\CodeIgniter.php(353): CodeIgniter\CodeIgniter->handleRequest(null, Object(Config\Cache), false)
 5 FCPATH\index.php(79): CodeIgniter\CodeIgniter->run()
 6 SYSTEMPATH\Commands\Server\rewrite.php(47): require_once('C:\\xampp\\htdocs\\appcomple\\public\\index.php')
CRITICAL - 2023-10-13 06:34:06 --> Class "Confing\Services" not found
in APPPATH\Config\Routes.php on line 7.
 1 SYSTEMPATH\Router\RouteCollection.php(339): require()
 2 SYSTEMPATH\CodeIgniter.php(787): CodeIgniter\Router\RouteCollection->loadRoutes()
 3 SYSTEMPATH\CodeIgniter.php(442): CodeIgniter\CodeIgniter->tryToRouteIt(null)
 4 SYSTEMPATH\CodeIgniter.php(353): CodeIgniter\CodeIgniter->handleRequest(null, Object(Config\Cache), false)
 5 FCPATH\index.php(79): CodeIgniter\CodeIgniter->run()
 6 SYSTEMPATH\Commands\Server\rewrite.php(47): require_once('C:\\xampp\\htdocs\\appcomple\\public\\index.php')
CRITICAL - 2023-10-13 06:34:13 --> Class "Confing\Services" not found
in APPPATH\Config\Routes.php on line 7.
 1 SYSTEMPATH\Router\RouteCollection.php(339): require()
 2 SYSTEMPATH\CodeIgniter.php(787): CodeIgniter\Router\RouteCollection->loadRoutes()
 3 SYSTEMPATH\CodeIgniter.php(442): CodeIgniter\CodeIgniter->tryToRouteIt(null)
 4 SYSTEMPATH\CodeIgniter.php(353): CodeIgniter\CodeIgniter->handleRequest(null, Object(Config\Cache), false)
 5 FCPATH\index.php(79): CodeIgniter\CodeIgniter->run()
 6 SYSTEMPATH\Commands\Server\rewrite.php(47): require_once('C:\\xampp\\htdocs\\appcomple\\public\\index.php')
CRITICAL - 2023-10-13 06:34:23 --> Class "Confing\Services" not found
in APPPATH\Config\Routes.php on line 7.
 1 SYSTEMPATH\Router\RouteCollection.php(339): require()
 2 SYSTEMPATH\CodeIgniter.php(787): CodeIgniter\Router\RouteCollection->loadRoutes()
 3 SYSTEMPATH\CodeIgniter.php(442): CodeIgniter\CodeIgniter->tryToRouteIt(null)
 4 SYSTEMPATH\CodeIgniter.php(353): CodeIgniter\CodeIgniter->handleRequest(null, Object(Config\Cache), false)
 5 FCPATH\index.php(79): CodeIgniter\CodeIgniter->run()
 6 SYSTEMPATH\Commands\Server\rewrite.php(47): require_once('C:\\xampp\\htdocs\\appcomple\\public\\index.php')
CRITICAL - 2023-10-13 06:34:34 --> Class "Confing\Services" not found
in APPPATH\Config\Routes.php on line 7.
 1 SYSTEMPATH\Router\RouteCollection.php(339): require()
 2 SYSTEMPATH\CodeIgniter.php(787): CodeIgniter\Router\RouteCollection->loadRoutes()
 3 SYSTEMPATH\CodeIgniter.php(442): CodeIgniter\CodeIgniter->tryToRouteIt(null)
 4 SYSTEMPATH\CodeIgniter.php(353): CodeIgniter\CodeIgniter->handleRequest(null, Object(Config\Cache), false)
 5 FCPATH\index.php(79): CodeIgniter\CodeIgniter->run()
 6 SYSTEMPATH\Commands\Server\rewrite.php(47): require_once('C:\\xampp\\htdocs\\appcomple\\public\\index.php')
CRITICAL - 2023-10-13 06:34:51 --> Class "Confing\Services" not found
in APPPATH\Config\Routes.php on line 7.
 1 SYSTEMPATH\Router\RouteCollection.php(339): require()
 2 SYSTEMPATH\CodeIgniter.php(787): CodeIgniter\Router\RouteCollection->loadRoutes()
 3 SYSTEMPATH\CodeIgniter.php(442): CodeIgniter\CodeIgniter->tryToRouteIt(null)
 4 SYSTEMPATH\CodeIgniter.php(353): CodeIgniter\CodeIgniter->handleRequest(null, Object(Config\Cache), false)
 5 FCPATH\index.php(79): CodeIgniter\CodeIgniter->run()
 6 SYSTEMPATH\Commands\Server\rewrite.php(47): require_once('C:\\xampp\\htdocs\\appcomple\\public\\index.php')
CRITICAL - 2023-10-13 06:34:54 --> Class "Confing\Services" not found
in APPPATH\Config\Routes.php on line 7.
 1 SYSTEMPATH\Router\RouteCollection.php(339): require()
 2 SYSTEMPATH\CodeIgniter.php(787): CodeIgniter\Router\RouteCollection->loadRoutes()
 3 SYSTEMPATH\CodeIgniter.php(442): CodeIgniter\CodeIgniter->tryToRouteIt(null)
 4 SYSTEMPATH\CodeIgniter.php(353): CodeIgniter\CodeIgniter->handleRequest(null, Object(Config\Cache), false)
 5 FCPATH\index.php(79): CodeIgniter\CodeIgniter->run()
 6 SYSTEMPATH\Commands\Server\rewrite.php(47): require_once('C:\\xampp\\htdocs\\appcomple\\public\\index.php')
CRITICAL - 2023-10-13 06:34:55 --> Class "Confing\Services" not found
in APPPATH\Config\Routes.php on line 7.
 1 SYSTEMPATH\Router\RouteCollection.php(339): require()
 2 SYSTEMPATH\CodeIgniter.php(787): CodeIgniter\Router\RouteCollection->loadRoutes()
 3 SYSTEMPATH\CodeIgniter.php(442): CodeIgniter\CodeIgniter->tryToRouteIt(null)
 4 SYSTEMPATH\CodeIgniter.php(353): CodeIgniter\CodeIgniter->handleRequest(null, Object(Config\Cache), false)
 5 FCPATH\index.php(79): CodeIgniter\CodeIgniter->run()
 6 SYSTEMPATH\Commands\Server\rewrite.php(47): require_once('C:\\xampp\\htdocs\\appcomple\\public\\index.php')
